{"C:\\Note-app-Backend\\app.js": {"path":"C:\\Note-app-Backend\\app.js","statementMap":{"0":{"start":{"line":1,"column":16},"end":{"line":1,"column":34}},"1":{"start":{"line":2,"column":16},"end":{"line":2,"column":34}},"2":{"start":{"line":3,"column":12},"end":{"line":3,"column":21}},"3":{"start":{"line":6,"column":0},"end":{"line":6,"column":31}},"4":{"start":{"line":7,"column":0},"end":{"line":7,"column":33}},"5":{"start":{"line":8,"column":0},"end":{"line":8,"column":26}},"6":{"start":{"line":9,"column":0},"end":{"line":9,"column":30}},"7":{"start":{"line":10,"column":0},"end":{"line":10,"column":31}},"8":{"start":{"line":12,"column":17},"end":{"line":12,"column":41}},"9":{"start":{"line":13,"column":19},"end":{"line":16,"column":6}},"10":{"start":{"line":14,"column":8},"end":{"line":14,"column":64}},"11":{"start":{"line":15,"column":8},"end":{"line":15,"column":63}},"12":{"start":{"line":18,"column":0},"end":{"line":18,"column":24}}},"fnMap":{"0":{"name":"(anonymous_0)","decl":{"start":{"line":13,"column":36},"end":{"line":13,"column":37}},"loc":{"start":{"line":13,"column":40},"end":{"line":16,"column":5}},"line":13}},"branchMap":{"0":{"loc":{"start":{"line":12,"column":17},"end":{"line":12,"column":41}},"type":"binary-expr","locations":[{"start":{"line":12,"column":17},"end":{"line":12,"column":33}},{"start":{"line":12,"column":37},"end":{"line":12,"column":41}}],"line":12}},"s":{"0":4,"1":4,"2":4,"3":4,"4":4,"5":4,"6":4,"7":4,"8":4,"9":4,"10":4,"11":4,"12":4},"f":{"0":4},"b":{"0":[4,4]},"_coverageSchema":"1a1c01bbd47fc00a2c39e90264f33305004495a9","hash":"168031fa8b51ef47e296e815317e53bd06a83ba1"}
,"C:\\Note-app-Backend\\Model\\notes.js": {"path":"C:\\Note-app-Backend\\Model\\notes.js","statementMap":{"0":{"start":{"line":1,"column":12},"end":{"line":1,"column":26}},"1":{"start":{"line":2,"column":17},"end":{"line":2,"column":36}},"2":{"start":{"line":4,"column":19},"end":{"line":21,"column":22}},"3":{"start":{"line":23,"column":13},"end":{"line":23,"column":47}},"4":{"start":{"line":26,"column":19},"end":{"line":31,"column":6}},"5":{"start":{"line":32,"column":4},"end":{"line":32,"column":32}},"6":{"start":{"line":35,"column":0},"end":{"line":35,"column":27}},"7":{"start":{"line":36,"column":0},"end":{"line":36,"column":43}}},"fnMap":{"0":{"name":"validateNote","decl":{"start":{"line":25,"column":9},"end":{"line":25,"column":21}},"loc":{"start":{"line":25,"column":27},"end":{"line":33,"column":1}},"line":25}},"branchMap":{},"s":{"0":4,"1":4,"2":4,"3":4,"4":0,"5":0,"6":4,"7":4},"f":{"0":0},"b":{},"_coverageSchema":"1a1c01bbd47fc00a2c39e90264f33305004495a9","hash":"6ace9d2365d03f527ceefb40825d3a18e8283e16"}
,"C:\\Note-app-Backend\\Model\\users.js": {"path":"C:\\Note-app-Backend\\Model\\users.js","statementMap":{"0":{"start":{"line":1,"column":17},"end":{"line":1,"column":36}},"1":{"start":{"line":2,"column":12},"end":{"line":2,"column":35}},"2":{"start":{"line":3,"column":15},"end":{"line":3,"column":41}},"3":{"start":{"line":4,"column":27},"end":{"line":4,"column":61}},"4":{"start":{"line":8,"column":19},"end":{"line":41,"column":2}},"5":{"start":{"line":42,"column":0},"end":{"line":45,"column":1}},"6":{"start":{"line":43,"column":18},"end":{"line":43,"column":76}},"7":{"start":{"line":44,"column":4},"end":{"line":44,"column":17}},"8":{"start":{"line":47,"column":13},"end":{"line":47,"column":47}},"9":{"start":{"line":54,"column":0},"end":{"line":54,"column":27}}},"fnMap":{"0":{"name":"(anonymous_0)","decl":{"start":{"line":42,"column":39},"end":{"line":42,"column":40}},"loc":{"start":{"line":42,"column":49},"end":{"line":45,"column":1}},"line":42}},"branchMap":{},"s":{"0":5,"1":5,"2":5,"3":5,"4":5,"5":5,"6":16,"7":16,"8":5,"9":5},"f":{"0":16},"b":{},"_coverageSchema":"1a1c01bbd47fc00a2c39e90264f33305004495a9","hash":"0992c4ed3e929cb2d6fe9be1184b2f1aaa914197"}
,"C:\\Note-app-Backend\\Routes\\auth.js": {"path":"C:\\Note-app-Backend\\Routes\\auth.js","statementMap":{"0":{"start":{"line":1,"column":16},"end":{"line":1,"column":34}},"1":{"start":{"line":2,"column":15},"end":{"line":2,"column":31}},"2":{"start":{"line":3,"column":17},"end":{"line":3,"column":36}},"3":{"start":{"line":4,"column":15},"end":{"line":4,"column":32}},"4":{"start":{"line":5,"column":10},"end":{"line":5,"column":27}},"5":{"start":{"line":6,"column":14},"end":{"line":6,"column":39}},"6":{"start":{"line":7,"column":36},"end":{"line":7,"column":62}},"7":{"start":{"line":10,"column":0},"end":{"line":30,"column":3}},"8":{"start":{"line":11,"column":22},"end":{"line":11,"column":47}},"9":{"start":{"line":12,"column":4},"end":{"line":12,"column":69}},"10":{"start":{"line":12,"column":15},"end":{"line":12,"column":69}},"11":{"start":{"line":14,"column":15},"end":{"line":14,"column":60}},"12":{"start":{"line":15,"column":4},"end":{"line":18,"column":6}},"13":{"start":{"line":15,"column":15},"end":{"line":18,"column":6}},"14":{"start":{"line":20,"column":26},"end":{"line":20,"column":80}},"15":{"start":{"line":21,"column":4},"end":{"line":21,"column":82}},"16":{"start":{"line":21,"column":24},"end":{"line":21,"column":82}},"17":{"start":{"line":23,"column":18},"end":{"line":23,"column":42}},"18":{"start":{"line":24,"column":4},"end":{"line":28,"column":7}},"19":{"start":{"line":32,"column":0},"end":{"line":64,"column":3}},"20":{"start":{"line":33,"column":22},"end":{"line":33,"column":40}},"21":{"start":{"line":34,"column":4},"end":{"line":34,"column":69}},"22":{"start":{"line":34,"column":15},"end":{"line":34,"column":69}},"23":{"start":{"line":36,"column":15},"end":{"line":36,"column":59}},"24":{"start":{"line":37,"column":4},"end":{"line":40,"column":6}},"25":{"start":{"line":37,"column":14},"end":{"line":40,"column":6}},"26":{"start":{"line":42,"column":4},"end":{"line":42,"column":92}},"27":{"start":{"line":44,"column":17},"end":{"line":44,"column":41}},"28":{"start":{"line":45,"column":4},"end":{"line":45,"column":59}},"29":{"start":{"line":46,"column":4},"end":{"line":46,"column":73}},"30":{"start":{"line":48,"column":21},"end":{"line":48,"column":38}},"31":{"start":{"line":49,"column":28},"end":{"line":49,"column":52}},"32":{"start":{"line":51,"column":4},"end":{"line":53,"column":5}},"33":{"start":{"line":52,"column":8},"end":{"line":52,"column":50}},"34":{"start":{"line":55,"column":4},"end":{"line":62,"column":5}},"35":{"start":{"line":56,"column":23},"end":{"line":56,"column":40}},"36":{"start":{"line":57,"column":8},"end":{"line":57,"column":28}},"37":{"start":{"line":58,"column":22},"end":{"line":58,"column":46}},"38":{"start":{"line":59,"column":7},"end":{"line":59,"column":90}},"39":{"start":{"line":61,"column":8},"end":{"line":61,"column":32}},"40":{"start":{"line":66,"column":0},"end":{"line":66,"column":24}}},"fnMap":{"0":{"name":"(anonymous_0)","decl":{"start":{"line":10,"column":22},"end":{"line":10,"column":23}},"loc":{"start":{"line":10,"column":39},"end":{"line":30,"column":1}},"line":10},"1":{"name":"(anonymous_1)","decl":{"start":{"line":32,"column":25},"end":{"line":32,"column":26}},"loc":{"start":{"line":32,"column":43},"end":{"line":64,"column":1}},"line":32}},"branchMap":{"0":{"loc":{"start":{"line":12,"column":4},"end":{"line":12,"column":69}},"type":"if","locations":[{"start":{"line":12,"column":4},"end":{"line":12,"column":69}},{"start":{},"end":{}}],"line":12},"1":{"loc":{"start":{"line":15,"column":4},"end":{"line":18,"column":6}},"type":"if","locations":[{"start":{"line":15,"column":4},"end":{"line":18,"column":6}},{"start":{},"end":{}}],"line":15},"2":{"loc":{"start":{"line":21,"column":4},"end":{"line":21,"column":82}},"type":"if","locations":[{"start":{"line":21,"column":4},"end":{"line":21,"column":82}},{"start":{},"end":{}}],"line":21},"3":{"loc":{"start":{"line":34,"column":4},"end":{"line":34,"column":69}},"type":"if","locations":[{"start":{"line":34,"column":4},"end":{"line":34,"column":69}},{"start":{},"end":{}}],"line":34},"4":{"loc":{"start":{"line":37,"column":4},"end":{"line":40,"column":6}},"type":"if","locations":[{"start":{"line":37,"column":4},"end":{"line":40,"column":6}},{"start":{},"end":{}}],"line":37},"5":{"loc":{"start":{"line":51,"column":4},"end":{"line":53,"column":5}},"type":"if","locations":[{"start":{"line":51,"column":4},"end":{"line":53,"column":5}},{"start":{},"end":{}}],"line":51}},"s":{"0":4,"1":4,"2":4,"3":4,"4":4,"5":4,"6":4,"7":4,"8":3,"9":3,"10":0,"11":3,"12":3,"13":2,"14":1,"15":1,"16":0,"17":1,"18":1,"19":4,"20":3,"21":3,"22":2,"23":1,"24":1,"25":0,"26":1,"27":1,"28":1,"29":1,"30":1,"31":1,"32":1,"33":0,"34":1,"35":1,"36":1,"37":1,"38":1,"39":0,"40":4},"f":{"0":3,"1":3},"b":{"0":[0,3],"1":[2,1],"2":[0,1],"3":[2,1],"4":[0,1],"5":[0,1]},"_coverageSchema":"1a1c01bbd47fc00a2c39e90264f33305004495a9","hash":"be0d79d0f78699aa5f4136f5f4cee3ec9aacaf4f"}
,"C:\\Note-app-Backend\\Routes\\note.js": {"path":"C:\\Note-app-Backend\\Routes\\note.js","statementMap":{"0":{"start":{"line":1,"column":16},"end":{"line":1,"column":34}},"1":{"start":{"line":2,"column":15},"end":{"line":2,"column":46}},"2":{"start":{"line":3,"column":13},"end":{"line":3,"column":42}},"3":{"start":{"line":4,"column":14},"end":{"line":4,"column":44}},"4":{"start":{"line":5,"column":25},"end":{"line":5,"column":66}},"5":{"start":{"line":6,"column":10},"end":{"line":6,"column":27}},"6":{"start":{"line":7,"column":17},"end":{"line":7,"column":36}},"7":{"start":{"line":8,"column":15},"end":{"line":8,"column":31}},"8":{"start":{"line":9,"column":31},"end":{"line":9,"column":56}},"9":{"start":{"line":13,"column":0},"end":{"line":18,"column":3}},"10":{"start":{"line":15,"column":18},"end":{"line":15,"column":48}},"11":{"start":{"line":16,"column":4},"end":{"line":16,"column":19}},"12":{"start":{"line":21,"column":0},"end":{"line":28,"column":3}},"13":{"start":{"line":22,"column":16},"end":{"line":22,"column":59}},"14":{"start":{"line":24,"column":4},"end":{"line":24,"column":83}},"15":{"start":{"line":24,"column":15},"end":{"line":24,"column":83}},"16":{"start":{"line":25,"column":6},"end":{"line":25,"column":33}},"17":{"start":{"line":30,"column":0},"end":{"line":50,"column":3}},"18":{"start":{"line":31,"column":20},"end":{"line":31,"column":42}},"19":{"start":{"line":32,"column":2},"end":{"line":32,"column":67}},"20":{"start":{"line":32,"column":13},"end":{"line":32,"column":67}},"21":{"start":{"line":34,"column":15},"end":{"line":34,"column":70}},"22":{"start":{"line":35,"column":13},"end":{"line":35,"column":26}},"23":{"start":{"line":36,"column":2},"end":{"line":36,"column":84}},"24":{"start":{"line":36,"column":23},"end":{"line":36,"column":84}},"25":{"start":{"line":38,"column":2},"end":{"line":45,"column":3}},"26":{"start":{"line":39,"column":19},"end":{"line":39,"column":36}},"27":{"start":{"line":40,"column":4},"end":{"line":40,"column":21}},"28":{"start":{"line":41,"column":4},"end":{"line":41,"column":24}},"29":{"start":{"line":43,"column":4},"end":{"line":43,"column":47}},"30":{"start":{"line":44,"column":4},"end":{"line":44,"column":28}},"31":{"start":{"line":52,"column":0},"end":{"line":63,"column":3}},"32":{"start":{"line":53,"column":15},"end":{"line":57,"column":3}},"33":{"start":{"line":58,"column":2},"end":{"line":62,"column":3}},"34":{"start":{"line":59,"column":4},"end":{"line":59,"column":54}},"35":{"start":{"line":61,"column":4},"end":{"line":61,"column":45}},"36":{"start":{"line":65,"column":0},"end":{"line":72,"column":3}},"37":{"start":{"line":66,"column":13},"end":{"line":66,"column":56}},"38":{"start":{"line":67,"column":2},"end":{"line":71,"column":3}},"39":{"start":{"line":68,"column":4},"end":{"line":68,"column":73}},"40":{"start":{"line":70,"column":4},"end":{"line":70,"column":38}},"41":{"start":{"line":74,"column":0},"end":{"line":74,"column":24}}},"fnMap":{"0":{"name":"(anonymous_0)","decl":{"start":{"line":13,"column":16},"end":{"line":13,"column":17}},"loc":{"start":{"line":13,"column":34},"end":{"line":18,"column":1}},"line":13},"1":{"name":"(anonymous_1)","decl":{"start":{"line":21,"column":45},"end":{"line":21,"column":46}},"loc":{"start":{"line":21,"column":65},"end":{"line":28,"column":1}},"line":21},"2":{"name":"(anonymous_2)","decl":{"start":{"line":30,"column":33},"end":{"line":30,"column":34}},"loc":{"start":{"line":30,"column":53},"end":{"line":50,"column":1}},"line":30},"3":{"name":"(anonymous_3)","decl":{"start":{"line":52,"column":52},"end":{"line":52,"column":53}},"loc":{"start":{"line":52,"column":72},"end":{"line":63,"column":1}},"line":52},"4":{"name":"(anonymous_4)","decl":{"start":{"line":65,"column":56},"end":{"line":65,"column":57}},"loc":{"start":{"line":65,"column":76},"end":{"line":72,"column":1}},"line":65}},"branchMap":{"0":{"loc":{"start":{"line":24,"column":4},"end":{"line":24,"column":83}},"type":"if","locations":[{"start":{"line":24,"column":4},"end":{"line":24,"column":83}},{"start":{},"end":{}}],"line":24},"1":{"loc":{"start":{"line":32,"column":2},"end":{"line":32,"column":67}},"type":"if","locations":[{"start":{"line":32,"column":2},"end":{"line":32,"column":67}},{"start":{},"end":{}}],"line":32},"2":{"loc":{"start":{"line":36,"column":2},"end":{"line":36,"column":84}},"type":"if","locations":[{"start":{"line":36,"column":2},"end":{"line":36,"column":84}},{"start":{},"end":{}}],"line":36},"3":{"loc":{"start":{"line":58,"column":2},"end":{"line":62,"column":3}},"type":"if","locations":[{"start":{"line":58,"column":2},"end":{"line":62,"column":3}},{"start":{"line":60,"column":9},"end":{"line":62,"column":3}}],"line":58},"4":{"loc":{"start":{"line":67,"column":2},"end":{"line":71,"column":3}},"type":"if","locations":[{"start":{"line":67,"column":2},"end":{"line":71,"column":3}},{"start":{"line":69,"column":9},"end":{"line":71,"column":3}}],"line":67}},"s":{"0":4,"1":4,"2":4,"3":4,"4":4,"5":4,"6":4,"7":4,"8":4,"9":4,"10":1,"11":1,"12":4,"13":0,"14":0,"15":0,"16":0,"17":4,"18":0,"19":0,"20":0,"21":0,"22":0,"23":0,"24":0,"25":0,"26":0,"27":0,"28":0,"29":0,"30":0,"31":4,"32":0,"33":0,"34":0,"35":0,"36":4,"37":0,"38":0,"39":0,"40":0,"41":4},"f":{"0":1,"1":0,"2":0,"3":0,"4":0},"b":{"0":[0,0],"1":[0,0],"2":[0,0],"3":[0,0],"4":[0,0]},"_coverageSchema":"1a1c01bbd47fc00a2c39e90264f33305004495a9","hash":"38d18f219d936c9ef5824bff847d11502fdefb1e"}
,"C:\\Note-app-Backend\\middleware\\auth.js": {"path":"C:\\Note-app-Backend\\middleware\\auth.js","statementMap":{"0":{"start":{"line":1,"column":12},"end":{"line":1,"column":35}},"1":{"start":{"line":2,"column":17},"end":{"line":2,"column":42}},"2":{"start":{"line":5,"column":18},"end":{"line":5,"column":44}},"3":{"start":{"line":6,"column":4},"end":{"line":6,"column":60}},"4":{"start":{"line":6,"column":15},"end":{"line":6,"column":60}},"5":{"start":{"line":8,"column":8},"end":{"line":26,"column":9}},"6":{"start":{"line":9,"column":28},"end":{"line":9,"column":78}},"7":{"start":{"line":10,"column":25},"end":{"line":10,"column":63}},"8":{"start":{"line":11,"column":12},"end":{"line":19,"column":15}},"9":{"start":{"line":12,"column":16},"end":{"line":12,"column":32}},"10":{"start":{"line":13,"column":16},"end":{"line":13,"column":23}},"11":{"start":{"line":15,"column":16},"end":{"line":18,"column":18}},"12":{"start":{"line":22,"column":12},"end":{"line":25,"column":16}},"13":{"start":{"line":31,"column":0},"end":{"line":31,"column":22}}},"fnMap":{"0":{"name":"auth","decl":{"start":{"line":4,"column":15},"end":{"line":4,"column":19}},"loc":{"start":{"line":4,"column":35},"end":{"line":29,"column":1}},"line":4}},"branchMap":{"0":{"loc":{"start":{"line":6,"column":4},"end":{"line":6,"column":60}},"type":"if","locations":[{"start":{"line":6,"column":4},"end":{"line":6,"column":60}},{"start":{},"end":{}}],"line":6},"1":{"loc":{"start":{"line":11,"column":12},"end":{"line":19,"column":15}},"type":"if","locations":[{"start":{"line":11,"column":12},"end":{"line":19,"column":15}},{"start":{"line":14,"column":17},"end":{"line":19,"column":15}}],"line":11}},"s":{"0":4,"1":4,"2":17,"3":17,"4":8,"5":9,"6":9,"7":8,"8":8,"9":0,"10":0,"11":8,"12":1,"13":4},"f":{"0":17},"b":{"0":[8,9],"1":[0,8]},"_coverageSchema":"1a1c01bbd47fc00a2c39e90264f33305004495a9","hash":"6aea972afee3f64bffb32205c679b8f2dd646411"}
,"C:\\Note-app-Backend\\middleware\\author.js": {"path":"C:\\Note-app-Backend\\middleware\\author.js","statementMap":{"0":{"start":{"line":2,"column":4},"end":{"line":2,"column":34}},"1":{"start":{"line":3,"column":4},"end":{"line":3,"column":110}},"2":{"start":{"line":3,"column":35},"end":{"line":3,"column":110}},"3":{"start":{"line":5,"column":4},"end":{"line":5,"column":11}},"4":{"start":{"line":8,"column":0},"end":{"line":8,"column":24}}},"fnMap":{"0":{"name":"author","decl":{"start":{"line":1,"column":9},"end":{"line":1,"column":15}},"loc":{"start":{"line":1,"column":31},"end":{"line":6,"column":1}},"line":1}},"branchMap":{"0":{"loc":{"start":{"line":3,"column":4},"end":{"line":3,"column":110}},"type":"if","locations":[{"start":{"line":3,"column":4},"end":{"line":3,"column":110}},{"start":{},"end":{}}],"line":3}},"s":{"0":0,"1":0,"2":0,"3":0,"4":4},"f":{"0":0},"b":{"0":[0,0]},"_coverageSchema":"1a1c01bbd47fc00a2c39e90264f33305004495a9","hash":"19acfbe32144e9a5e5510b5cf7a58a1423c231bb"}
,"C:\\Note-app-Backend\\middleware\\error.js": {"path":"C:\\Note-app-Backend\\middleware\\error.js","statementMap":{"0":{"start":{"line":3,"column":0},"end":{"line":6,"column":1}},"1":{"start":{"line":4,"column":4},"end":{"line":4,"column":20}},"2":{"start":{"line":5,"column":4},"end":{"line":5,"column":44}}},"fnMap":{"0":{"name":"(anonymous_0)","decl":{"start":{"line":3,"column":17},"end":{"line":3,"column":18}},"loc":{"start":{"line":3,"column":46},"end":{"line":6,"column":1}},"line":3}},"branchMap":{},"s":{"0":4,"1":0,"2":0},"f":{"0":0},"b":{},"_coverageSchema":"1a1c01bbd47fc00a2c39e90264f33305004495a9","hash":"967f3e9d9792c8e7a6849c1675739851dcefd334"}
,"C:\\Note-app-Backend\\middleware\\validateObjectId.js": {"path":"C:\\Note-app-Backend\\middleware\\validateObjectId.js","statementMap":{"0":{"start":{"line":1,"column":17},"end":{"line":1,"column":36}},"1":{"start":{"line":3,"column":0},"end":{"line":8,"column":1}},"2":{"start":{"line":4,"column":4},"end":{"line":5,"column":46}},"3":{"start":{"line":5,"column":4},"end":{"line":5,"column":46}},"4":{"start":{"line":7,"column":4},"end":{"line":7,"column":11}}},"fnMap":{"0":{"name":"(anonymous_0)","decl":{"start":{"line":3,"column":17},"end":{"line":3,"column":18}},"loc":{"start":{"line":3,"column":41},"end":{"line":8,"column":1}},"line":3}},"branchMap":{"0":{"loc":{"start":{"line":4,"column":4},"end":{"line":5,"column":46}},"type":"if","locations":[{"start":{"line":4,"column":4},"end":{"line":5,"column":46}},{"start":{},"end":{}}],"line":4}},"s":{"0":4,"1":4,"2":0,"3":0,"4":0},"f":{"0":0},"b":{"0":[0,0]},"_coverageSchema":"1a1c01bbd47fc00a2c39e90264f33305004495a9","hash":"faad886088b9344f3981c2cd85327a49a30c30bd"}
,"C:\\Note-app-Backend\\schemas\\auth.js": {"path":"C:\\Note-app-Backend\\schemas\\auth.js","statementMap":{"0":{"start":{"line":1,"column":27},"end":{"line":1,"column":61}},"1":{"start":{"line":2,"column":12},"end":{"line":2,"column":26}},"2":{"start":{"line":4,"column":26},"end":{"line":12,"column":3}},"3":{"start":{"line":16,"column":19},"end":{"line":22,"column":40}},"4":{"start":{"line":25,"column":20},"end":{"line":32,"column":7}},"5":{"start":{"line":34,"column":4},"end":{"line":34,"column":41}},"6":{"start":{"line":40,"column":22},"end":{"line":43,"column":6}},"7":{"start":{"line":45,"column":20},"end":{"line":52,"column":7}},"8":{"start":{"line":54,"column":4},"end":{"line":54,"column":44}},"9":{"start":{"line":61,"column":0},"end":{"line":61,"column":39}},"10":{"start":{"line":62,"column":0},"end":{"line":62,"column":49}}},"fnMap":{"0":{"name":"validateUser","decl":{"start":{"line":15,"column":9},"end":{"line":15,"column":21}},"loc":{"start":{"line":15,"column":27},"end":{"line":35,"column":1}},"line":15},"1":{"name":"loginValidation","decl":{"start":{"line":39,"column":9},"end":{"line":39,"column":24}},"loc":{"start":{"line":39,"column":30},"end":{"line":55,"column":1}},"line":39}},"branchMap":{},"s":{"0":4,"1":4,"2":4,"3":3,"4":3,"5":3,"6":3,"7":3,"8":3,"9":4,"10":4},"f":{"0":3,"1":3},"b":{},"_coverageSchema":"1a1c01bbd47fc00a2c39e90264f33305004495a9","hash":"85f6254db1b3fdb721dffe860f07e38c4ef2ef3e"}
,"C:\\Note-app-Backend\\startup\\config.js": {"path":"C:\\Note-app-Backend\\startup\\config.js","statementMap":{"0":{"start":{"line":1,"column":15},"end":{"line":1,"column":41}},"1":{"start":{"line":3,"column":0},"end":{"line":7,"column":1}},"2":{"start":{"line":4,"column":4},"end":{"line":6,"column":5}},"3":{"start":{"line":5,"column":8},"end":{"line":5,"column":69}}},"fnMap":{"0":{"name":"(anonymous_0)","decl":{"start":{"line":3,"column":17},"end":{"line":3,"column":18}},"loc":{"start":{"line":3,"column":27},"end":{"line":7,"column":1}},"line":3}},"branchMap":{"0":{"loc":{"start":{"line":4,"column":4},"end":{"line":6,"column":5}},"type":"if","locations":[{"start":{"line":4,"column":4},"end":{"line":6,"column":5}},{"start":{},"end":{}}],"line":4}},"s":{"0":4,"1":4,"2":4,"3":0},"f":{"0":4},"b":{"0":[0,4]},"_coverageSchema":"1a1c01bbd47fc00a2c39e90264f33305004495a9","hash":"2fda40b46b513b3de71b49d97c25247c5d4a9e92"}
,"C:\\Note-app-Backend\\startup\\db.js": {"path":"C:\\Note-app-Backend\\startup\\db.js","statementMap":{"0":{"start":{"line":1,"column":16},"end":{"line":1,"column":34}},"1":{"start":{"line":2,"column":17},"end":{"line":2,"column":36}},"2":{"start":{"line":3,"column":15},"end":{"line":3,"column":41}},"3":{"start":{"line":7,"column":0},"end":{"line":14,"column":1}},"4":{"start":{"line":8,"column":15},"end":{"line":8,"column":37}},"5":{"start":{"line":9,"column":0},"end":{"line":12,"column":57}},"6":{"start":{"line":12,"column":19},"end":{"line":12,"column":55}}},"fnMap":{"0":{"name":"(anonymous_0)","decl":{"start":{"line":7,"column":17},"end":{"line":7,"column":18}},"loc":{"start":{"line":7,"column":27},"end":{"line":14,"column":1}},"line":7},"1":{"name":"(anonymous_1)","decl":{"start":{"line":12,"column":14},"end":{"line":12,"column":15}},"loc":{"start":{"line":12,"column":19},"end":{"line":12,"column":55}},"line":12}},"branchMap":{},"s":{"0":4,"1":4,"2":4,"3":4,"4":4,"5":4,"6":4},"f":{"0":4,"1":4},"b":{},"_coverageSchema":"1a1c01bbd47fc00a2c39e90264f33305004495a9","hash":"3b7653dc9b03bcdd53151e279deb610ca9a289c6"}
,"C:\\Note-app-Backend\\startup\\logging.js": {"path":"C:\\Note-app-Backend\\startup\\logging.js","statementMap":{"0":{"start":{"line":1,"column":0},"end":{"line":1,"column":32}},"1":{"start":{"line":2,"column":16},"end":{"line":2,"column":34}},"2":{"start":{"line":5,"column":0},"end":{"line":18,"column":1}},"3":{"start":{"line":6,"column":4},"end":{"line":8,"column":75}},"4":{"start":{"line":10,"column":4},"end":{"line":12,"column":7}},"5":{"start":{"line":11,"column":7},"end":{"line":11,"column":23}},"6":{"start":{"line":14,"column":4},"end":{"line":14,"column":72}}},"fnMap":{"0":{"name":"(anonymous_0)","decl":{"start":{"line":5,"column":17},"end":{"line":5,"column":18}},"loc":{"start":{"line":5,"column":27},"end":{"line":18,"column":1}},"line":5},"1":{"name":"(anonymous_1)","decl":{"start":{"line":10,"column":37},"end":{"line":10,"column":38}},"loc":{"start":{"line":10,"column":43},"end":{"line":12,"column":5}},"line":10}},"branchMap":{},"s":{"0":4,"1":4,"2":4,"3":4,"4":4,"5":0,"6":4},"f":{"0":4,"1":0},"b":{},"_coverageSchema":"1a1c01bbd47fc00a2c39e90264f33305004495a9","hash":"4bee619dc34d17c4cd0483f7d86bf7356cff3f44"}
,"C:\\Note-app-Backend\\startup\\prod.js": {"path":"C:\\Note-app-Backend\\startup\\prod.js","statementMap":{"0":{"start":{"line":1,"column":15},"end":{"line":1,"column":32}},"1":{"start":{"line":2,"column":20},"end":{"line":2,"column":42}},"2":{"start":{"line":4,"column":0},"end":{"line":7,"column":1}},"3":{"start":{"line":5,"column":4},"end":{"line":5,"column":22}},"4":{"start":{"line":6,"column":4},"end":{"line":6,"column":27}}},"fnMap":{"0":{"name":"(anonymous_0)","decl":{"start":{"line":4,"column":17},"end":{"line":4,"column":18}},"loc":{"start":{"line":4,"column":30},"end":{"line":7,"column":1}},"line":4}},"branchMap":{},"s":{"0":4,"1":4,"2":4,"3":4,"4":4},"f":{"0":4},"b":{},"_coverageSchema":"1a1c01bbd47fc00a2c39e90264f33305004495a9","hash":"8ad59f91eaacd526653d15a2196cdf51fe9ebbcb"}
,"C:\\Note-app-Backend\\startup\\routes.js": {"path":"C:\\Note-app-Backend\\startup\\routes.js","statementMap":{"0":{"start":{"line":1,"column":16},"end":{"line":1,"column":34}},"1":{"start":{"line":2,"column":14},"end":{"line":2,"column":39}},"2":{"start":{"line":3,"column":12},"end":{"line":3,"column":37}},"3":{"start":{"line":4,"column":14},"end":{"line":4,"column":44}},"4":{"start":{"line":7,"column":0},"end":{"line":13,"column":1}},"5":{"start":{"line":8,"column":0},"end":{"line":8,"column":24}},"6":{"start":{"line":9,"column":0},"end":{"line":9,"column":46}},"7":{"start":{"line":10,"column":0},"end":{"line":10,"column":29}},"8":{"start":{"line":11,"column":0},"end":{"line":11,"column":27}},"9":{"start":{"line":12,"column":0},"end":{"line":12,"column":15}}},"fnMap":{"0":{"name":"(anonymous_0)","decl":{"start":{"line":7,"column":17},"end":{"line":7,"column":18}},"loc":{"start":{"line":7,"column":31},"end":{"line":13,"column":1}},"line":7}},"branchMap":{},"s":{"0":4,"1":4,"2":4,"3":4,"4":4,"5":4,"6":4,"7":4,"8":4,"9":4},"f":{"0":4},"b":{},"_coverageSchema":"1a1c01bbd47fc00a2c39e90264f33305004495a9","hash":"1020cd5cc497ea6e3095f4363fbf0f0a8532ab67"}
}
