TN:
SF:app.js
FN:13,(anonymous_0)
FNF:1
FNH:1
FNDA:4,(anonymous_0)
DA:1,4
DA:2,4
DA:3,4
DA:6,4
DA:7,4
DA:8,4
DA:9,4
DA:10,4
DA:12,4
DA:13,4
DA:14,4
DA:15,4
DA:18,4
LF:13
LH:13
BRDA:12,0,0,4
BRDA:12,0,1,4
BRF:2
BRH:2
end_of_record
TN:
SF:Model\notes.js
FN:25,validateNote
FNF:1
FNH:0
FNDA:0,validateNote
DA:1,4
DA:2,4
DA:4,4
DA:23,4
DA:26,0
DA:32,0
DA:35,4
DA:36,4
LF:8
LH:6
BRF:0
BRH:0
end_of_record
TN:
SF:Model\users.js
FN:42,(anonymous_0)
FNF:1
FNH:1
FNDA:16,(anonymous_0)
DA:1,5
DA:2,5
DA:3,5
DA:4,5
DA:8,5
DA:42,5
DA:43,16
DA:44,16
DA:47,5
DA:54,5
LF:10
LH:10
BRF:0
BRH:0
end_of_record
TN:
SF:Routes\auth.js
FN:10,(anonymous_0)
FN:32,(anonymous_1)
FNF:2
FNH:2
FNDA:3,(anonymous_0)
FNDA:3,(anonymous_1)
DA:1,4
DA:2,4
DA:3,4
DA:4,4
DA:5,4
DA:6,4
DA:7,4
DA:10,4
DA:11,3
DA:12,3
DA:14,3
DA:15,3
DA:20,1
DA:21,1
DA:23,1
DA:24,1
DA:32,4
DA:33,3
DA:34,3
DA:36,1
DA:37,1
DA:42,1
DA:44,1
DA:45,1
DA:46,1
DA:48,1
DA:49,1
DA:51,1
DA:52,0
DA:55,1
DA:56,1
DA:57,1
DA:58,1
DA:59,1
DA:61,0
DA:66,4
LF:36
LH:34
BRDA:12,0,0,0
BRDA:12,0,1,3
BRDA:15,1,0,2
BRDA:15,1,1,1
BRDA:21,2,0,0
BRDA:21,2,1,1
BRDA:34,3,0,2
BRDA:34,3,1,1
BRDA:37,4,0,0
BRDA:37,4,1,1
BRDA:51,5,0,0
BRDA:51,5,1,1
BRF:12
BRH:8
end_of_record
TN:
SF:Routes\note.js
FN:13,(anonymous_0)
FN:21,(anonymous_1)
FN:30,(anonymous_2)
FN:52,(anonymous_3)
FN:65,(anonymous_4)
FNF:5
FNH:1
FNDA:1,(anonymous_0)
FNDA:0,(anonymous_1)
FNDA:0,(anonymous_2)
FNDA:0,(anonymous_3)
FNDA:0,(anonymous_4)
DA:1,4
DA:2,4
DA:3,4
DA:4,4
DA:5,4
DA:6,4
DA:7,4
DA:8,4
DA:9,4
DA:13,4
DA:15,1
DA:16,1
DA:21,4
DA:22,0
DA:24,0
DA:25,0
DA:30,4
DA:31,0
DA:32,0
DA:34,0
DA:35,0
DA:36,0
DA:38,0
DA:39,0
DA:40,0
DA:41,0
DA:43,0
DA:44,0
DA:52,4
DA:53,0
DA:58,0
DA:59,0
DA:61,0
DA:65,4
DA:66,0
DA:67,0
DA:68,0
DA:70,0
DA:74,4
LF:39
LH:17
BRDA:24,0,0,0
BRDA:24,0,1,0
BRDA:32,1,0,0
BRDA:32,1,1,0
BRDA:36,2,0,0
BRDA:36,2,1,0
BRDA:58,3,0,0
BRDA:58,3,1,0
BRDA:67,4,0,0
BRDA:67,4,1,0
BRF:10
BRH:0
end_of_record
TN:
SF:middleware\auth.js
FN:4,auth
FNF:1
FNH:1
FNDA:17,auth
DA:1,4
DA:2,4
DA:5,17
DA:6,17
DA:8,9
DA:9,9
DA:10,8
DA:11,8
DA:12,0
DA:13,0
DA:15,8
DA:22,1
DA:31,4
LF:13
LH:11
BRDA:6,0,0,8
BRDA:6,0,1,9
BRDA:11,1,0,0
BRDA:11,1,1,8
BRF:4
BRH:3
end_of_record
TN:
SF:middleware\author.js
FN:1,author
FNF:1
FNH:0
FNDA:0,author
DA:2,0
DA:3,0
DA:5,0
DA:8,4
LF:4
LH:1
BRDA:3,0,0,0
BRDA:3,0,1,0
BRF:2
BRH:0
end_of_record
TN:
SF:middleware\error.js
FN:3,(anonymous_0)
FNF:1
FNH:0
FNDA:0,(anonymous_0)
DA:3,4
DA:4,0
DA:5,0
LF:3
LH:1
BRF:0
BRH:0
end_of_record
TN:
SF:middleware\validateObjectId.js
FN:3,(anonymous_0)
FNF:1
FNH:0
FNDA:0,(anonymous_0)
DA:1,4
DA:3,4
DA:4,0
DA:5,0
DA:7,0
LF:5
LH:2
BRDA:4,0,0,0
BRDA:4,0,1,0
BRF:2
BRH:0
end_of_record
TN:
SF:schemas\auth.js
FN:15,validateUser
FN:39,loginValidation
FNF:2
FNH:2
FNDA:3,validateUser
FNDA:3,loginValidation
DA:1,4
DA:2,4
DA:4,4
DA:16,3
DA:25,3
DA:34,3
DA:40,3
DA:45,3
DA:54,3
DA:61,4
DA:62,4
LF:11
LH:11
BRF:0
BRH:0
end_of_record
TN:
SF:startup\config.js
FN:3,(anonymous_0)
FNF:1
FNH:1
FNDA:4,(anonymous_0)
DA:1,4
DA:3,4
DA:4,4
DA:5,0
LF:4
LH:3
BRDA:4,0,0,0
BRDA:4,0,1,4
BRF:2
BRH:1
end_of_record
TN:
SF:startup\db.js
FN:7,(anonymous_0)
FN:12,(anonymous_1)
FNF:2
FNH:2
FNDA:4,(anonymous_0)
FNDA:4,(anonymous_1)
DA:1,4
DA:2,4
DA:3,4
DA:7,4
DA:8,4
DA:9,4
DA:12,4
LF:7
LH:7
BRF:0
BRH:0
end_of_record
TN:
SF:startup\logging.js
FN:5,(anonymous_0)
FN:10,(anonymous_1)
FNF:2
FNH:1
FNDA:4,(anonymous_0)
FNDA:0,(anonymous_1)
DA:1,4
DA:2,4
DA:5,4
DA:6,4
DA:10,4
DA:11,0
DA:14,4
LF:7
LH:6
BRF:0
BRH:0
end_of_record
TN:
SF:startup\prod.js
FN:4,(anonymous_0)
FNF:1
FNH:1
FNDA:4,(anonymous_0)
DA:1,4
DA:2,4
DA:4,4
DA:5,4
DA:6,4
LF:5
LH:5
BRF:0
BRH:0
end_of_record
TN:
SF:startup\routes.js
FN:7,(anonymous_0)
FNF:1
FNH:1
FNDA:4,(anonymous_0)
DA:1,4
DA:2,4
DA:3,4
DA:4,4
DA:7,4
DA:8,4
DA:9,4
DA:10,4
DA:11,4
DA:12,4
LF:10
LH:10
BRF:0
BRH:0
end_of_record
